Flow report for DP1
Tue Dec  3 13:35:11 2024
Quartus Prime Version 23.1std.1 Build 993 05/14/2024 SC Lite Edition


---------------------
; Table of Contents ;
---------------------
  1. Legal Notice
  2. Flow Summary
  3. Flow Settings
  4. Flow Non-Default Global Settings
  5. Flow Elapsed Time
  6. Flow OS Summary
  7. Flow Log
  8. Flow Messages
  9. Flow Suppressed Messages



----------------
; Legal Notice ;
----------------
Copyright (C) 2024  Intel Corporation. All rights reserved.
Your use of Intel Corporation's design tools, logic functions 
and other software and tools, and any partner logic 
functions, and any output files from any of the foregoing 
(including device programming or simulation files), and any 
associated documentation or information are expressly subject 
to the terms and conditions of the Intel Program License 
Subscription Agreement, the Intel Quartus Prime License Agreement,
the Intel FPGA IP License Agreement, or other applicable license
agreement, including, without limitation, that your use is for
the sole purpose of programming logic devices manufactured by
Intel and sold by Intel or its authorized distributors.  Please
refer to the applicable agreement for further details, at
https://fpgasoftware.intel.com/eula.



+----------------------------------------------------------------------------------+
; Flow Summary                                                                     ;
+---------------------------------+------------------------------------------------+
; Flow Status                     ; Successful - Tue Dec  3 13:35:11 2024          ;
; Quartus Prime Version           ; 23.1std.1 Build 993 05/14/2024 SC Lite Edition ;
; Revision Name                   ; DP1                                            ;
; Top-level Entity Name           ; ExecUnit                                       ;
; Family                          ; Cyclone V                                      ;
; Device                          ; 5CGXFC9E6F31C7                                 ;
; Timing Models                   ; Final                                          ;
; Logic utilization (in ALMs)     ; 769 / 113,560 ( < 1 % )                        ;
; Total registers                 ; 0                                              ;
; Total pins                      ; 203 / 536 ( 38 % )                             ;
; Total virtual pins              ; 0                                              ;
; Total block memory bits         ; 0 / 12,492,800 ( 0 % )                         ;
; Total DSP Blocks                ; 0 / 342 ( 0 % )                                ;
; Total HSSI RX PCSs              ; 0 / 12 ( 0 % )                                 ;
; Total HSSI PMA RX Deserializers ; 0 / 12 ( 0 % )                                 ;
; Total HSSI TX PCSs              ; 0 / 12 ( 0 % )                                 ;
; Total HSSI PMA TX Serializers   ; 0 / 12 ( 0 % )                                 ;
; Total PLLs                      ; 0 / 20 ( 0 % )                                 ;
; Total DLLs                      ; 0 / 4 ( 0 % )                                  ;
+---------------------------------+------------------------------------------------+


+-----------------------------------------+
; Flow Settings                           ;
+-------------------+---------------------+
; Option            ; Setting             ;
+-------------------+---------------------+
; Start date & time ; 12/03/2024 13:32:48 ;
; Main task         ; Compilation         ;
; Revision Name     ; DP1                 ;
+-------------------+---------------------+


+--------------------------------------------------------------------------------------------------------------------------------------------------------------+
; Flow Non-Default Global Settings                                                                                                                             ;
+---------------------------------------------------+----------------------------------------+---------------+-------------+-----------------------------------+
; Assignment Name                                   ; Value                                  ; Default Value ; Entity Name ; Section Id                        ;
+---------------------------------------------------+----------------------------------------+---------------+-------------+-----------------------------------+
; COMPILER_SIGNATURE_ID                             ; 128122667895708.173326156810948        ; --            ; --          ; --                                ;
; EDA_GENERATE_FUNCTIONAL_NETLIST                   ; Off                                    ; --            ; --          ; eda_board_design_timing           ;
; EDA_GENERATE_FUNCTIONAL_NETLIST                   ; Off                                    ; --            ; --          ; eda_simulation                    ;
; EDA_GENERATE_FUNCTIONAL_NETLIST                   ; Off                                    ; --            ; --          ; eda_board_design_boundary_scan    ;
; EDA_GENERATE_FUNCTIONAL_NETLIST                   ; Off                                    ; --            ; --          ; eda_board_design_signal_integrity ;
; EDA_GENERATE_FUNCTIONAL_NETLIST                   ; Off                                    ; --            ; --          ; eda_board_design_symbol           ;
; EDA_GENERATE_GATE_LEVEL_SIMULATION_COMMAND_SCRIPT ; Off                                    ; --            ; --          ; eda_simulation                    ;
; EDA_OUTPUT_DATA_FORMAT                            ; Vhdl                                   ; --            ; --          ; eda_simulation                    ;
; EDA_SIMULATION_TOOL                               ; Questa Intel FPGA (VHDL)               ; <None>        ; --          ; --                                ;
; EDA_TIME_SCALE                                    ; 1 ps                                   ; --            ; --          ; eda_simulation                    ;
; MAX_CORE_JUNCTION_TEMP                            ; 85                                     ; --            ; --          ; --                                ;
; MIN_CORE_JUNCTION_TEMP                            ; 0                                      ; --            ; --          ; --                                ;
; PARTITION_COLOR                                   ; -- (Not supported for targeted family) ; --            ; ExecUnit    ; Top                               ;
; PARTITION_FITTER_PRESERVATION_LEVEL               ; -- (Not supported for targeted family) ; --            ; ExecUnit    ; Top                               ;
; PARTITION_NETLIST_TYPE                            ; -- (Not supported for targeted family) ; --            ; ExecUnit    ; Top                               ;
; POWER_BOARD_THERMAL_MODEL                         ; None (CONSERVATIVE)                    ; --            ; --          ; --                                ;
; POWER_PRESET_COOLING_SOLUTION                     ; 23 MM HEAT SINK WITH 200 LFPM AIRFLOW  ; --            ; --          ; --                                ;
; PROJECT_OUTPUT_DIRECTORY                          ; output_files                           ; --            ; --          ; --                                ;
; TOP_LEVEL_ENTITY                                  ; ExecUnit                               ; DP1           ; --          ; --                                ;
; VHDL_INPUT_VERSION                                ; VHDL_2008                              ; VHDL_1993     ; --          ; --                                ;
; VHDL_SHOW_LMF_MAPPING_MESSAGES                    ; Off                                    ; --            ; --          ; --                                ;
+---------------------------------------------------+----------------------------------------+---------------+-------------+-----------------------------------+


+--------------------------------------------------------------------------------------------------------------------------+
; Flow Elapsed Time                                                                                                        ;
+----------------------+--------------+-------------------------+---------------------+------------------------------------+
; Module Name          ; Elapsed Time ; Average Processors Used ; Peak Virtual Memory ; Total CPU Time (on all processors) ;
+----------------------+--------------+-------------------------+---------------------+------------------------------------+
; Analysis & Synthesis ; 00:00:13     ; 1.0                     ; 4903 MB             ; 00:00:20                           ;
; Fitter               ; 00:01:30     ; 1.0                     ; 7367 MB             ; 00:05:50                           ;
; Assembler            ; 00:00:09     ; 1.0                     ; 4881 MB             ; 00:00:07                           ;
; Timing Analyzer      ; 00:00:09     ; 1.3                     ; 5326 MB             ; 00:00:06                           ;
; EDA Netlist Writer   ; 00:00:04     ; 1.0                     ; 4789 MB             ; 00:00:01                           ;
; Total                ; 00:02:05     ; --                      ; --                  ; 00:06:24                           ;
+----------------------+--------------+-------------------------+---------------------+------------------------------------+


+------------------------------------------------------------------------------------+
; Flow OS Summary                                                                    ;
+----------------------+------------------+------------+------------+----------------+
; Module Name          ; Machine Hostname ; OS Name    ; OS Version ; Processor type ;
+----------------------+------------------+------------+------------+----------------+
; Analysis & Synthesis ; ensc-10879-06    ; Windows 10 ; 10.0       ; x86_64         ;
; Fitter               ; ensc-10879-06    ; Windows 10 ; 10.0       ; x86_64         ;
; Assembler            ; ensc-10879-06    ; Windows 10 ; 10.0       ; x86_64         ;
; Timing Analyzer      ; ensc-10879-06    ; Windows 10 ; 10.0       ; x86_64         ;
; EDA Netlist Writer   ; ensc-10879-06    ; Windows 10 ; 10.0       ; x86_64         ;
+----------------------+------------------+------------+------------+----------------+


------------
; Flow Log ;
------------
quartus_map --read_settings_files=on --write_settings_files=off DP1 -c DP1
quartus_fit --read_settings_files=off --write_settings_files=off DP1 -c DP1
quartus_asm --read_settings_files=off --write_settings_files=off DP1 -c DP1
quartus_sta DP1 -c DP1
quartus_eda --read_settings_files=off --write_settings_files=off DP1 -c DP1



